mode: set
github.com/lyeslabs/mcpgen/cmd/generator/main.go:12.13,26.22 7 0
github.com/lyeslabs/mcpgen/cmd/generator/main.go:26.22,30.3 3 0
github.com/lyeslabs/mcpgen/cmd/generator/main.go:32.2,32.22 1 0
github.com/lyeslabs/mcpgen/cmd/generator/main.go:32.22,36.3 3 0
github.com/lyeslabs/mcpgen/cmd/generator/main.go:39.2,39.43 1 0
github.com/lyeslabs/mcpgen/cmd/generator/main.go:39.43,41.17 2 0
github.com/lyeslabs/mcpgen/cmd/generator/main.go:41.17,44.4 2 0
github.com/lyeslabs/mcpgen/cmd/generator/main.go:47.2,48.16 2 0
github.com/lyeslabs/mcpgen/cmd/generator/main.go:48.16,51.3 2 0
github.com/lyeslabs/mcpgen/cmd/generator/main.go:54.2,54.21 1 0
github.com/lyeslabs/mcpgen/cmd/generator/main.go:54.21,56.17 2 0
github.com/lyeslabs/mcpgen/cmd/generator/main.go:56.17,59.4 2 0
github.com/lyeslabs/mcpgen/cmd/generator/main.go:63.2,64.16 2 0
github.com/lyeslabs/mcpgen/cmd/generator/main.go:64.16,67.3 2 0
github.com/lyeslabs/mcpgen/cmd/generator/main.go:69.2,69.99 1 0
github.com/lyeslabs/mcpgen/converter/converter.go:20.46,27.2 1 1
github.com/lyeslabs/mcpgen/converter/converter.go:31.51,32.35 1 1
github.com/lyeslabs/mcpgen/converter/converter.go:32.35,34.3 1 1
github.com/lyeslabs/mcpgen/converter/converter.go:37.2,45.50 2 1
github.com/lyeslabs/mcpgen/converter/converter.go:45.50,47.45 2 1
github.com/lyeslabs/mcpgen/converter/converter.go:47.45,49.18 2 1
github.com/lyeslabs/mcpgen/converter/converter.go:49.18,51.5 1 0
github.com/lyeslabs/mcpgen/converter/converter.go:52.4,52.46 1 1
github.com/lyeslabs/mcpgen/converter/converter.go:57.2,57.47 1 1
github.com/lyeslabs/mcpgen/converter/converter.go:57.47,59.3 1 0
github.com/lyeslabs/mcpgen/converter/converter.go:61.2,61.20 1 1
github.com/lyeslabs/mcpgen/converter/parser.go:19.41,23.2 1 1
github.com/lyeslabs/mcpgen/converter/parser.go:26.51,28.16 2 1
github.com/lyeslabs/mcpgen/converter/parser.go:28.16,30.3 1 0
github.com/lyeslabs/mcpgen/converter/parser.go:32.2,32.22 1 1
github.com/lyeslabs/mcpgen/converter/parser.go:36.43,46.16 5 1
github.com/lyeslabs/mcpgen/converter/parser.go:46.16,48.3 1 0
github.com/lyeslabs/mcpgen/converter/parser.go:51.2,51.24 1 1
github.com/lyeslabs/mcpgen/converter/parser.go:51.24,53.17 2 0
github.com/lyeslabs/mcpgen/converter/parser.go:53.17,55.4 1 0
github.com/lyeslabs/mcpgen/converter/parser.go:58.2,59.12 2 1
github.com/lyeslabs/mcpgen/converter/parser.go:63.44,65.2 1 1
github.com/lyeslabs/mcpgen/converter/parser.go:68.59,69.18 1 1
github.com/lyeslabs/mcpgen/converter/parser.go:69.18,71.3 1 0
github.com/lyeslabs/mcpgen/converter/parser.go:72.2,72.26 1 1
github.com/lyeslabs/mcpgen/converter/parser.go:76.50,77.18 1 1
github.com/lyeslabs/mcpgen/converter/parser.go:77.18,79.3 1 0
github.com/lyeslabs/mcpgen/converter/parser.go:80.2,80.22 1 1
github.com/lyeslabs/mcpgen/converter/parser.go:84.43,85.18 1 1
github.com/lyeslabs/mcpgen/converter/parser.go:85.18,87.3 1 0
github.com/lyeslabs/mcpgen/converter/parser.go:88.2,88.19 1 1
github.com/lyeslabs/mcpgen/converter/parser.go:92.99,93.33 1 1
github.com/lyeslabs/mcpgen/converter/parser.go:93.33,95.3 1 1
github.com/lyeslabs/mcpgen/converter/parser.go:98.2,101.63 4 1
github.com/lyeslabs/mcpgen/converter/requestArgs.go:10.95,11.58 1 1
github.com/lyeslabs/mcpgen/converter/requestArgs.go:11.58,13.3 1 1
github.com/lyeslabs/mcpgen/converter/requestArgs.go:15.2,26.58 4 1
github.com/lyeslabs/mcpgen/converter/requestArgs.go:26.58,27.83 1 1
github.com/lyeslabs/mcpgen/converter/requestArgs.go:27.83,28.12 1 1
github.com/lyeslabs/mcpgen/converter/requestArgs.go:31.3,32.17 2 1
github.com/lyeslabs/mcpgen/converter/requestArgs.go:32.17,34.4 1 0
github.com/lyeslabs/mcpgen/converter/requestArgs.go:36.3,36.20 1 1
github.com/lyeslabs/mcpgen/converter/requestArgs.go:36.20,39.4 2 1
github.com/lyeslabs/mcpgen/converter/requestArgs.go:42.2,42.18 1 1
github.com/lyeslabs/mcpgen/converter/requestArgs.go:42.18,44.3 1 1
github.com/lyeslabs/mcpgen/converter/requestArgs.go:46.2,46.17 1 1
github.com/lyeslabs/mcpgen/converter/requestArgs.go:50.86,53.38 2 1
github.com/lyeslabs/mcpgen/converter/requestArgs.go:53.38,54.47 1 1
github.com/lyeslabs/mcpgen/converter/requestArgs.go:54.47,55.12 1 1
github.com/lyeslabs/mcpgen/converter/requestArgs.go:58.3,61.55 2 1
github.com/lyeslabs/mcpgen/converter/requestArgs.go:61.55,62.12 1 1
github.com/lyeslabs/mcpgen/converter/requestArgs.go:66.3,67.17 2 1
github.com/lyeslabs/mcpgen/converter/requestArgs.go:67.17,70.4 1 0
github.com/lyeslabs/mcpgen/converter/requestArgs.go:73.3,82.27 2 1
github.com/lyeslabs/mcpgen/converter/requestArgs.go:85.2,85.18 1 1
github.com/lyeslabs/mcpgen/converter/requestArgsSchema.go:10.75,11.19 1 1
github.com/lyeslabs/mcpgen/converter/requestArgsSchema.go:11.19,13.3 1 1
github.com/lyeslabs/mcpgen/converter/requestArgsSchema.go:16.2,28.24 2 1
github.com/lyeslabs/mcpgen/converter/requestArgsSchema.go:28.24,30.3 1 1
github.com/lyeslabs/mcpgen/converter/requestArgsSchema.go:30.8,32.3 1 1
github.com/lyeslabs/mcpgen/converter/requestArgsSchema.go:34.2,34.21 1 1
github.com/lyeslabs/mcpgen/converter/requestArgsSchema.go:34.21,36.26 2 1
github.com/lyeslabs/mcpgen/converter/requestArgsSchema.go:36.26,37.35 1 1
github.com/lyeslabs/mcpgen/converter/requestArgsSchema.go:37.35,38.20 1 1
github.com/lyeslabs/mcpgen/converter/requestArgsSchema.go:38.20,40.11 2 1
github.com/lyeslabs/mcpgen/converter/requestArgsSchema.go:43.9,46.4 1 0
github.com/lyeslabs/mcpgen/converter/requestArgsSchema.go:47.3,47.32 1 1
github.com/lyeslabs/mcpgen/converter/requestArgsSchema.go:47.32,49.4 1 1
github.com/lyeslabs/mcpgen/converter/requestArgsSchema.go:52.2,54.27 2 1
github.com/lyeslabs/mcpgen/converter/requestArgsSchema.go:54.27,56.3 1 1
github.com/lyeslabs/mcpgen/converter/requestArgsSchema.go:58.2,58.28 1 1
github.com/lyeslabs/mcpgen/converter/requestArgsSchema.go:58.28,60.3 1 1
github.com/lyeslabs/mcpgen/converter/requestArgsSchema.go:62.2,62.26 1 1
github.com/lyeslabs/mcpgen/converter/requestArgsSchema.go:62.26,64.17 2 1
github.com/lyeslabs/mcpgen/converter/requestArgsSchema.go:64.17,66.4 1 0
github.com/lyeslabs/mcpgen/converter/requestArgsSchema.go:69.2,69.27 1 1
github.com/lyeslabs/mcpgen/converter/requestArgsSchema.go:69.27,71.17 2 1
github.com/lyeslabs/mcpgen/converter/requestArgsSchema.go:71.17,73.4 1 0
github.com/lyeslabs/mcpgen/converter/requestArgsSchema.go:77.2,77.27 1 1
github.com/lyeslabs/mcpgen/converter/requestArgsSchema.go:77.27,79.45 2 1
github.com/lyeslabs/mcpgen/converter/requestArgsSchema.go:79.45,80.56 1 1
github.com/lyeslabs/mcpgen/converter/requestArgsSchema.go:80.56,82.5 1 0
github.com/lyeslabs/mcpgen/converter/requestArgsSchema.go:83.4,84.18 2 1
github.com/lyeslabs/mcpgen/converter/requestArgsSchema.go:84.18,86.5 1 0
github.com/lyeslabs/mcpgen/converter/requestArgsSchema.go:87.4,87.24 1 1
github.com/lyeslabs/mcpgen/converter/requestArgsSchema.go:87.24,89.5 1 1
github.com/lyeslabs/mcpgen/converter/requestArgsSchema.go:89.10,93.5 1 0
github.com/lyeslabs/mcpgen/converter/requestArgsSchema.go:98.2,98.27 1 1
github.com/lyeslabs/mcpgen/converter/requestArgsSchema.go:98.27,100.45 2 1
github.com/lyeslabs/mcpgen/converter/requestArgsSchema.go:100.45,101.56 1 1
github.com/lyeslabs/mcpgen/converter/requestArgsSchema.go:101.56,103.5 1 0
github.com/lyeslabs/mcpgen/converter/requestArgsSchema.go:104.4,105.18 2 1
github.com/lyeslabs/mcpgen/converter/requestArgsSchema.go:105.18,107.5 1 0
github.com/lyeslabs/mcpgen/converter/requestArgsSchema.go:108.4,108.24 1 1
github.com/lyeslabs/mcpgen/converter/requestArgsSchema.go:108.24,110.5 1 1
github.com/lyeslabs/mcpgen/converter/requestArgsSchema.go:110.10,112.5 1 0
github.com/lyeslabs/mcpgen/converter/requestArgsSchema.go:117.2,117.27 1 1
github.com/lyeslabs/mcpgen/converter/requestArgsSchema.go:117.27,119.45 2 1
github.com/lyeslabs/mcpgen/converter/requestArgsSchema.go:119.45,120.56 1 1
github.com/lyeslabs/mcpgen/converter/requestArgsSchema.go:120.56,122.5 1 0
github.com/lyeslabs/mcpgen/converter/requestArgsSchema.go:123.4,124.18 2 1
github.com/lyeslabs/mcpgen/converter/requestArgsSchema.go:124.18,126.5 1 0
github.com/lyeslabs/mcpgen/converter/requestArgsSchema.go:127.4,127.24 1 1
github.com/lyeslabs/mcpgen/converter/requestArgsSchema.go:127.24,129.5 1 1
github.com/lyeslabs/mcpgen/converter/requestArgsSchema.go:129.10,131.5 1 0
github.com/lyeslabs/mcpgen/converter/requestArgsSchema.go:136.2,136.50 1 1
github.com/lyeslabs/mcpgen/converter/requestArgsSchema.go:136.50,138.17 2 1
github.com/lyeslabs/mcpgen/converter/requestArgsSchema.go:138.17,140.4 1 0
github.com/lyeslabs/mcpgen/converter/requestArgsSchema.go:141.3,141.23 1 1
github.com/lyeslabs/mcpgen/converter/requestArgsSchema.go:141.23,143.4 1 1
github.com/lyeslabs/mcpgen/converter/requestArgsSchema.go:143.9,145.4 1 0
github.com/lyeslabs/mcpgen/converter/requestArgsSchema.go:148.2,148.20 1 1
github.com/lyeslabs/mcpgen/converter/requestArgsSchema.go:152.87,153.19 1 1
github.com/lyeslabs/mcpgen/converter/requestArgsSchema.go:153.19,155.3 1 1
github.com/lyeslabs/mcpgen/converter/requestArgsSchema.go:156.2,160.3 1 1
github.com/lyeslabs/mcpgen/converter/requestArgsSchema.go:164.87,165.19 1 1
github.com/lyeslabs/mcpgen/converter/requestArgsSchema.go:165.19,167.3 1 1
github.com/lyeslabs/mcpgen/converter/requestArgsSchema.go:168.2,174.3 1 1
github.com/lyeslabs/mcpgen/converter/requestArgsSchema.go:178.94,179.19 1 1
github.com/lyeslabs/mcpgen/converter/requestArgsSchema.go:179.19,181.3 1 1
github.com/lyeslabs/mcpgen/converter/requestArgsSchema.go:182.2,188.54 2 1
github.com/lyeslabs/mcpgen/converter/requestArgsSchema.go:188.54,190.17 2 1
github.com/lyeslabs/mcpgen/converter/requestArgsSchema.go:190.17,192.4 1 0
github.com/lyeslabs/mcpgen/converter/requestArgsSchema.go:193.3,193.29 1 1
github.com/lyeslabs/mcpgen/converter/requestArgsSchema.go:196.2,196.20 1 1
github.com/lyeslabs/mcpgen/converter/requestArgsSchema.go:200.96,201.19 1 1
github.com/lyeslabs/mcpgen/converter/requestArgsSchema.go:201.19,203.3 1 0
github.com/lyeslabs/mcpgen/converter/requestArgsSchema.go:205.2,211.32 2 1
github.com/lyeslabs/mcpgen/converter/requestArgsSchema.go:211.32,213.58 2 1
github.com/lyeslabs/mcpgen/converter/requestArgsSchema.go:213.58,214.28 1 1
github.com/lyeslabs/mcpgen/converter/requestArgsSchema.go:214.28,215.35 1 1
github.com/lyeslabs/mcpgen/converter/requestArgsSchema.go:215.35,217.20 2 1
github.com/lyeslabs/mcpgen/converter/requestArgsSchema.go:217.20,219.7 1 0
github.com/lyeslabs/mcpgen/converter/requestArgsSchema.go:220.6,220.27 1 1
github.com/lyeslabs/mcpgen/converter/requestArgsSchema.go:220.27,222.7 1 1
github.com/lyeslabs/mcpgen/converter/requestArgsSchema.go:223.11,226.6 2 1
github.com/lyeslabs/mcpgen/converter/requestArgsSchema.go:227.10,229.5 1 1
github.com/lyeslabs/mcpgen/converter/requestArgsSchema.go:231.3,231.34 1 1
github.com/lyeslabs/mcpgen/converter/requestArgsSchema.go:231.34,233.4 1 1
github.com/lyeslabs/mcpgen/converter/requestArgsSchema.go:237.2,237.44 1 1
github.com/lyeslabs/mcpgen/converter/requestArgsSchema.go:237.44,239.40 1 1
github.com/lyeslabs/mcpgen/converter/requestArgsSchema.go:239.40,241.4 1 1
github.com/lyeslabs/mcpgen/converter/requestArgsSchema.go:241.9,243.4 1 1
github.com/lyeslabs/mcpgen/converter/requestArgsSchema.go:244.8,244.54 1 1
github.com/lyeslabs/mcpgen/converter/requestArgsSchema.go:244.54,246.54 1 1
github.com/lyeslabs/mcpgen/converter/requestArgsSchema.go:246.54,248.18 2 1
github.com/lyeslabs/mcpgen/converter/requestArgsSchema.go:248.18,250.5 1 0
github.com/lyeslabs/mcpgen/converter/requestArgsSchema.go:251.4,251.28 1 1
github.com/lyeslabs/mcpgen/converter/requestArgsSchema.go:251.28,253.5 1 1
github.com/lyeslabs/mcpgen/converter/requestArgsSchema.go:253.10,256.5 1 0
github.com/lyeslabs/mcpgen/converter/requestArgsSchema.go:257.9,260.4 2 1
github.com/lyeslabs/mcpgen/converter/requestArgsSchema.go:263.2,263.20 1 1
github.com/lyeslabs/mcpgen/converter/requestHandlers.go:11.80,14.25 2 1
github.com/lyeslabs/mcpgen/converter/requestHandlers.go:14.25,16.3 1 1
github.com/lyeslabs/mcpgen/converter/requestHandlers.go:17.2,17.26 1 1
github.com/lyeslabs/mcpgen/converter/requestHandlers.go:17.26,19.3 1 1
github.com/lyeslabs/mcpgen/converter/requestHandlers.go:20.2,20.25 1 1
github.com/lyeslabs/mcpgen/converter/requestHandlers.go:20.25,22.3 1 1
github.com/lyeslabs/mcpgen/converter/requestHandlers.go:23.2,23.28 1 1
github.com/lyeslabs/mcpgen/converter/requestHandlers.go:23.28,25.3 1 1
github.com/lyeslabs/mcpgen/converter/requestHandlers.go:26.2,26.29 1 1
github.com/lyeslabs/mcpgen/converter/requestHandlers.go:26.29,28.3 1 1
github.com/lyeslabs/mcpgen/converter/requestHandlers.go:29.2,29.26 1 1
github.com/lyeslabs/mcpgen/converter/requestHandlers.go:29.26,31.3 1 1
github.com/lyeslabs/mcpgen/converter/requestHandlers.go:32.2,32.27 1 1
github.com/lyeslabs/mcpgen/converter/requestHandlers.go:32.27,34.3 1 1
github.com/lyeslabs/mcpgen/converter/requestHandlers.go:35.2,35.27 1 1
github.com/lyeslabs/mcpgen/converter/requestHandlers.go:35.27,37.3 1 1
github.com/lyeslabs/mcpgen/converter/requestHandlers.go:39.2,39.19 1 1
github.com/lyeslabs/mcpgen/converter/requestHandlers.go:43.105,56.16 4 1
github.com/lyeslabs/mcpgen/converter/requestHandlers.go:56.16,58.3 1 0
github.com/lyeslabs/mcpgen/converter/requestHandlers.go:59.2,59.19 1 1
github.com/lyeslabs/mcpgen/converter/requestHandlers.go:59.19,61.3 1 0
github.com/lyeslabs/mcpgen/converter/requestHandlers.go:64.2,65.16 2 1
github.com/lyeslabs/mcpgen/converter/requestHandlers.go:65.16,67.3 1 0
github.com/lyeslabs/mcpgen/converter/requestHandlers.go:68.2,68.21 1 1
github.com/lyeslabs/mcpgen/converter/requestHandlers.go:68.21,70.3 1 0
github.com/lyeslabs/mcpgen/converter/requestHandlers.go:72.2,73.16 2 1
github.com/lyeslabs/mcpgen/converter/requestHandlers.go:73.16,75.3 1 0
github.com/lyeslabs/mcpgen/converter/requestHandlers.go:77.2,80.44 2 1
github.com/lyeslabs/mcpgen/converter/requestHandlers.go:80.44,82.3 1 0
github.com/lyeslabs/mcpgen/converter/requestHandlers.go:85.2,86.16 2 1
github.com/lyeslabs/mcpgen/converter/requestHandlers.go:86.16,88.3 1 0
github.com/lyeslabs/mcpgen/converter/requestHandlers.go:89.2,93.16 3 1
github.com/lyeslabs/mcpgen/converter/requestHandlers.go:93.16,95.3 1 0
github.com/lyeslabs/mcpgen/converter/requestHandlers.go:96.2,98.18 2 1
github.com/lyeslabs/mcpgen/converter/requestTemplate.go:10.121,13.65 2 1
github.com/lyeslabs/mcpgen/converter/requestTemplate.go:13.65,15.3 1 1
github.com/lyeslabs/mcpgen/converter/requestTemplate.go:18.2,28.72 3 1
github.com/lyeslabs/mcpgen/converter/requestTemplate.go:28.72,29.64 1 1
github.com/lyeslabs/mcpgen/converter/requestTemplate.go:29.64,35.9 2 1
github.com/lyeslabs/mcpgen/converter/requestTemplate.go:39.2,39.22 1 1
github.com/lyeslabs/mcpgen/converter/responseMarkdown.go:15.10,22.61 7 1
github.com/lyeslabs/mcpgen/converter/responseMarkdown.go:22.61,24.3 1 1
github.com/lyeslabs/mcpgen/converter/responseMarkdown.go:25.2,27.19 3 1
github.com/lyeslabs/mcpgen/converter/responseMarkdown.go:36.3,37.19 1 1
github.com/lyeslabs/mcpgen/converter/responseMarkdown.go:37.19,39.3 1 1
github.com/lyeslabs/mcpgen/converter/responseMarkdown.go:40.2,45.21 4 1
github.com/lyeslabs/mcpgen/converter/responseMarkdown.go:45.21,46.24 1 1
github.com/lyeslabs/mcpgen/converter/responseMarkdown.go:46.24,48.4 1 1
github.com/lyeslabs/mcpgen/converter/responseMarkdown.go:48.9,50.4 1 1
github.com/lyeslabs/mcpgen/converter/responseMarkdown.go:51.8,52.24 1 1
github.com/lyeslabs/mcpgen/converter/responseMarkdown.go:52.24,54.4 1 1
github.com/lyeslabs/mcpgen/converter/responseMarkdown.go:54.9,56.4 1 1
github.com/lyeslabs/mcpgen/converter/responseMarkdown.go:59.2,62.48 4 1
github.com/lyeslabs/mcpgen/converter/responseMarkdown.go:70.3,72.52 1 1
github.com/lyeslabs/mcpgen/converter/responseMarkdown.go:72.52,73.52 1 1
github.com/lyeslabs/mcpgen/converter/responseMarkdown.go:73.52,74.46 1 1
github.com/lyeslabs/mcpgen/converter/responseMarkdown.go:74.46,76.5 1 1
github.com/lyeslabs/mcpgen/converter/responseMarkdown.go:80.2,80.73 1 1
github.com/lyeslabs/mcpgen/converter/responseMarkdown.go:80.73,82.3 1 1
github.com/lyeslabs/mcpgen/converter/responseMarkdown.go:90.3,92.27 2 1
github.com/lyeslabs/mcpgen/converter/responseMarkdown.go:92.27,94.36 2 1
github.com/lyeslabs/mcpgen/converter/responseMarkdown.go:94.36,96.4 1 1
github.com/lyeslabs/mcpgen/converter/responseMarkdown.go:98.2,98.27 1 1
github.com/lyeslabs/mcpgen/converter/responseMarkdown.go:98.27,100.36 2 1
github.com/lyeslabs/mcpgen/converter/responseMarkdown.go:100.36,102.4 1 1
github.com/lyeslabs/mcpgen/converter/responseMarkdown.go:104.2,104.27 1 1
github.com/lyeslabs/mcpgen/converter/responseMarkdown.go:104.27,106.36 2 1
github.com/lyeslabs/mcpgen/converter/responseMarkdown.go:106.36,108.4 1 1
github.com/lyeslabs/mcpgen/converter/responseMarkdown.go:110.2,110.50 1 1
github.com/lyeslabs/mcpgen/converter/responseMarkdown.go:110.50,113.3 2 1
github.com/lyeslabs/mcpgen/converter/responseMarkdown.go:121.3,123.118 2 1
github.com/lyeslabs/mcpgen/converter/responseMarkdown.go:123.118,126.3 2 1
github.com/lyeslabs/mcpgen/converter/responseMarkdown.go:126.8,126.107 1 1
github.com/lyeslabs/mcpgen/converter/responseMarkdown.go:126.107,128.3 1 1
github.com/lyeslabs/mcpgen/converter/responseMarkdown.go:136.3,141.26 3 1
github.com/lyeslabs/mcpgen/converter/responseMarkdown.go:141.26,143.3 1 1
github.com/lyeslabs/mcpgen/converter/responseMarkdown.go:144.2,144.54 1 1
github.com/lyeslabs/mcpgen/converter/responseMarkdown.go:144.54,146.3 1 1
github.com/lyeslabs/mcpgen/converter/responseMarkdown.go:147.2,147.26 1 1
github.com/lyeslabs/mcpgen/converter/responseMarkdown.go:147.26,149.3 1 1
github.com/lyeslabs/mcpgen/converter/responseMarkdown.go:152.2,152.23 1 1
github.com/lyeslabs/mcpgen/converter/responseMarkdown.go:152.23,154.3 1 1
github.com/lyeslabs/mcpgen/converter/responseMarkdown.go:155.2,155.23 1 1
github.com/lyeslabs/mcpgen/converter/responseMarkdown.go:155.23,157.3 1 1
github.com/lyeslabs/mcpgen/converter/responseMarkdown.go:158.2,158.25 1 1
github.com/lyeslabs/mcpgen/converter/responseMarkdown.go:158.25,160.3 1 1
github.com/lyeslabs/mcpgen/converter/responseMarkdown.go:161.2,161.25 1 1
github.com/lyeslabs/mcpgen/converter/responseMarkdown.go:161.25,163.3 1 1
github.com/lyeslabs/mcpgen/converter/responseMarkdown.go:164.2,164.30 1 1
github.com/lyeslabs/mcpgen/converter/responseMarkdown.go:164.30,166.3 1 1
github.com/lyeslabs/mcpgen/converter/responseMarkdown.go:169.2,169.25 1 1
github.com/lyeslabs/mcpgen/converter/responseMarkdown.go:169.25,171.3 1 1
github.com/lyeslabs/mcpgen/converter/responseMarkdown.go:172.2,172.52 1 1
github.com/lyeslabs/mcpgen/converter/responseMarkdown.go:172.52,174.3 1 1
github.com/lyeslabs/mcpgen/converter/responseMarkdown.go:175.2,175.24 1 1
github.com/lyeslabs/mcpgen/converter/responseMarkdown.go:175.24,177.3 1 1
github.com/lyeslabs/mcpgen/converter/responseMarkdown.go:180.2,180.21 1 1
github.com/lyeslabs/mcpgen/converter/responseMarkdown.go:180.21,182.3 1 1
github.com/lyeslabs/mcpgen/converter/responseMarkdown.go:185.2,185.27 1 1
github.com/lyeslabs/mcpgen/converter/responseMarkdown.go:185.27,187.3 1 1
github.com/lyeslabs/mcpgen/converter/responseMarkdown.go:188.2,188.27 1 1
github.com/lyeslabs/mcpgen/converter/responseMarkdown.go:188.27,190.3 1 1
github.com/lyeslabs/mcpgen/converter/responseMarkdown.go:193.2,193.26 1 1
github.com/lyeslabs/mcpgen/converter/responseMarkdown.go:193.26,195.33 2 1
github.com/lyeslabs/mcpgen/converter/responseMarkdown.go:195.33,197.4 1 1
github.com/lyeslabs/mcpgen/converter/responseMarkdown.go:198.3,198.88 1 1
github.com/lyeslabs/mcpgen/converter/responseMarkdown.go:202.2,202.22 1 1
github.com/lyeslabs/mcpgen/converter/responseMarkdown.go:202.22,204.34 2 1
github.com/lyeslabs/mcpgen/converter/responseMarkdown.go:204.34,206.4 1 1
github.com/lyeslabs/mcpgen/converter/responseSchemaUtils.go:10.52,12.2 1 1
github.com/lyeslabs/mcpgen/converter/responseSchemaUtils.go:15.60,17.24 2 1
github.com/lyeslabs/mcpgen/converter/responseSchemaUtils.go:17.24,19.3 1 1
github.com/lyeslabs/mcpgen/converter/responseSchemaUtils.go:20.2,20.25 1 1
github.com/lyeslabs/mcpgen/converter/responseSchemaUtils.go:20.25,22.3 1 1
github.com/lyeslabs/mcpgen/converter/responseSchemaUtils.go:23.2,23.21 1 1
github.com/lyeslabs/mcpgen/converter/responseSchemaUtils.go:23.21,25.3 1 1
github.com/lyeslabs/mcpgen/converter/responseSchemaUtils.go:26.2,26.24 1 1
github.com/lyeslabs/mcpgen/converter/responseSchemaUtils.go:26.24,27.99 1 1
github.com/lyeslabs/mcpgen/converter/responseSchemaUtils.go:27.99,29.4 1 1
github.com/lyeslabs/mcpgen/converter/responseSchemaUtils.go:30.3,30.19 1 1
github.com/lyeslabs/mcpgen/converter/responseSchemaUtils.go:32.2,32.37 1 1
github.com/lyeslabs/mcpgen/converter/responseSchemaUtils.go:36.44,39.2 1 1
github.com/lyeslabs/mcpgen/converter/responseSchemaUtils.go:42.45,45.2 1 1
github.com/lyeslabs/mcpgen/converter/responseSchemaUtils.go:50.50,52.2 1 1
github.com/lyeslabs/mcpgen/converter/responseSchemaUtils.go:54.51,57.2 1 1
github.com/lyeslabs/mcpgen/converter/responseSchemaUtils.go:59.49,61.2 1 1
github.com/lyeslabs/mcpgen/converter/responseSchemaUtils.go:63.50,65.2 1 1
github.com/lyeslabs/mcpgen/converter/responseTemplate.go:12.31,13.52 1 1
github.com/lyeslabs/mcpgen/converter/responseTemplate.go:13.52,15.3 1 0
github.com/lyeslabs/mcpgen/converter/responseTemplate.go:17.2,20.35 3 1
github.com/lyeslabs/mcpgen/converter/responseTemplate.go:20.35,22.53 2 1
github.com/lyeslabs/mcpgen/converter/responseTemplate.go:22.53,23.12 1 0
github.com/lyeslabs/mcpgen/converter/responseTemplate.go:25.3,28.44 3 1
github.com/lyeslabs/mcpgen/converter/responseTemplate.go:28.44,30.29 2 1
github.com/lyeslabs/mcpgen/converter/responseTemplate.go:30.29,31.13 1 1
github.com/lyeslabs/mcpgen/converter/responseTemplate.go:33.4,39.6 3 1
github.com/lyeslabs/mcpgen/converter/responseTemplate.go:42.2,42.39 1 1
github.com/lyeslabs/mcpgen/converter/schemaConversion.go:10.59,18.27 4 1
github.com/lyeslabs/mcpgen/converter/schemaConversion.go:18.27,20.17 2 1
github.com/lyeslabs/mcpgen/converter/schemaConversion.go:20.17,22.4 1 0
github.com/lyeslabs/mcpgen/converter/schemaConversion.go:23.3,23.24 1 1
github.com/lyeslabs/mcpgen/converter/schemaConversion.go:23.24,24.12 1 1
github.com/lyeslabs/mcpgen/converter/schemaConversion.go:27.3,29.19 2 1
github.com/lyeslabs/mcpgen/converter/schemaConversion.go:29.19,31.4 1 1
github.com/lyeslabs/mcpgen/converter/schemaConversion.go:34.2,34.25 1 1
github.com/lyeslabs/mcpgen/converter/schemaConversion.go:34.25,36.3 1 1
github.com/lyeslabs/mcpgen/converter/schemaConversion.go:37.2,37.33 1 1
github.com/lyeslabs/mcpgen/converter/schemaConversion.go:37.33,39.3 1 1
github.com/lyeslabs/mcpgen/converter/schemaConversion.go:41.2,42.16 2 1
github.com/lyeslabs/mcpgen/converter/schemaConversion.go:42.16,44.3 1 0
github.com/lyeslabs/mcpgen/converter/schemaConversion.go:46.2,46.33 1 1
github.com/lyeslabs/mcpgen/converter/schemaConversionDraft7.go:5.67,6.14 1 1
github.com/lyeslabs/mcpgen/converter/schemaConversionDraft7.go:6.14,8.3 1 1
github.com/lyeslabs/mcpgen/converter/schemaConversionDraft7.go:10.2,17.50 6 1
github.com/lyeslabs/mcpgen/converter/schemaConversionDraft7.go:17.50,19.3 1 0
github.com/lyeslabs/mcpgen/converter/schemaConversionDraft7.go:20.2,20.54 1 1
github.com/lyeslabs/mcpgen/converter/schemaConversionDraft7.go:20.54,22.3 1 0
github.com/lyeslabs/mcpgen/converter/schemaConversionDraft7.go:23.2,23.55 1 1
github.com/lyeslabs/mcpgen/converter/schemaConversionDraft7.go:23.55,25.3 1 0
github.com/lyeslabs/mcpgen/converter/schemaConversionDraft7.go:27.2,27.20 1 1
github.com/lyeslabs/mcpgen/converter/schemaConversionDraft7.go:30.65,31.19 1 1
github.com/lyeslabs/mcpgen/converter/schemaConversionDraft7.go:31.19,33.3 1 1
github.com/lyeslabs/mcpgen/converter/schemaConversionDraft7.go:34.2,34.25 1 1
github.com/lyeslabs/mcpgen/converter/schemaConversionDraft7.go:34.25,36.3 1 1
github.com/lyeslabs/mcpgen/converter/schemaConversionDraft7.go:37.2,37.20 1 1
github.com/lyeslabs/mcpgen/converter/schemaConversionDraft7.go:37.20,39.3 1 1
github.com/lyeslabs/mcpgen/converter/schemaConversionDraft7.go:40.2,40.22 1 1
github.com/lyeslabs/mcpgen/converter/schemaConversionDraft7.go:40.22,42.3 1 1
github.com/lyeslabs/mcpgen/converter/schemaConversionDraft7.go:43.2,43.22 1 1
github.com/lyeslabs/mcpgen/converter/schemaConversionDraft7.go:43.22,45.3 1 1
github.com/lyeslabs/mcpgen/converter/schemaConversionDraft7.go:46.2,46.21 1 1
github.com/lyeslabs/mcpgen/converter/schemaConversionDraft7.go:46.21,48.3 1 1
github.com/lyeslabs/mcpgen/converter/schemaConversionDraft7.go:49.2,49.16 1 1
github.com/lyeslabs/mcpgen/converter/schemaConversionDraft7.go:49.16,51.3 1 1
github.com/lyeslabs/mcpgen/converter/schemaConversionDraft7.go:52.2,52.17 1 1
github.com/lyeslabs/mcpgen/converter/schemaConversionDraft7.go:52.17,54.3 1 1
github.com/lyeslabs/mcpgen/converter/schemaConversionDraft7.go:57.69,58.22 1 1
github.com/lyeslabs/mcpgen/converter/schemaConversionDraft7.go:58.22,60.17 2 1
github.com/lyeslabs/mcpgen/converter/schemaConversionDraft7.go:60.17,62.4 1 0
github.com/lyeslabs/mcpgen/converter/schemaConversionDraft7.go:63.3,63.33 1 1
github.com/lyeslabs/mcpgen/converter/schemaConversionDraft7.go:65.2,65.22 1 1
github.com/lyeslabs/mcpgen/converter/schemaConversionDraft7.go:65.22,67.17 2 1
github.com/lyeslabs/mcpgen/converter/schemaConversionDraft7.go:67.17,69.4 1 0
github.com/lyeslabs/mcpgen/converter/schemaConversionDraft7.go:70.3,70.33 1 1
github.com/lyeslabs/mcpgen/converter/schemaConversionDraft7.go:72.2,72.22 1 1
github.com/lyeslabs/mcpgen/converter/schemaConversionDraft7.go:72.22,74.17 2 1
github.com/lyeslabs/mcpgen/converter/schemaConversionDraft7.go:74.17,76.4 1 0
github.com/lyeslabs/mcpgen/converter/schemaConversionDraft7.go:77.3,77.33 1 1
github.com/lyeslabs/mcpgen/converter/schemaConversionDraft7.go:79.2,79.18 1 1
github.com/lyeslabs/mcpgen/converter/schemaConversionDraft7.go:79.18,81.17 2 1
github.com/lyeslabs/mcpgen/converter/schemaConversionDraft7.go:81.17,83.4 1 0
github.com/lyeslabs/mcpgen/converter/schemaConversionDraft7.go:84.3,84.26 1 1
github.com/lyeslabs/mcpgen/converter/schemaConversionDraft7.go:84.26,86.4 1 0
github.com/lyeslabs/mcpgen/converter/schemaConversionDraft7.go:87.3,87.31 1 1
github.com/lyeslabs/mcpgen/converter/schemaConversionDraft7.go:89.2,89.12 1 1
github.com/lyeslabs/mcpgen/converter/schemaConversionDraft7.go:92.80,94.39 2 1
github.com/lyeslabs/mcpgen/converter/schemaConversionDraft7.go:94.39,96.17 2 1
github.com/lyeslabs/mcpgen/converter/schemaConversionDraft7.go:96.17,98.4 1 0
github.com/lyeslabs/mcpgen/converter/schemaConversionDraft7.go:99.3,99.26 1 1
github.com/lyeslabs/mcpgen/converter/schemaConversionDraft7.go:99.26,101.4 1 0
github.com/lyeslabs/mcpgen/converter/schemaConversionDraft7.go:102.3,102.27 1 1
github.com/lyeslabs/mcpgen/converter/schemaConversionDraft7.go:104.2,104.20 1 1
github.com/lyeslabs/mcpgen/converter/schemaConversionDraft7.go:107.56,108.23 1 1
github.com/lyeslabs/mcpgen/converter/schemaConversionDraft7.go:108.23,110.3 1 1
github.com/lyeslabs/mcpgen/converter/schemaConversionDraft7.go:110.8,110.29 1 1
github.com/lyeslabs/mcpgen/converter/schemaConversionDraft7.go:110.29,112.3 1 1
github.com/lyeslabs/mcpgen/converter/schemaConversionDraft7.go:115.68,116.21 1 1
github.com/lyeslabs/mcpgen/converter/schemaConversionDraft7.go:116.21,118.3 1 1
github.com/lyeslabs/mcpgen/converter/schemaConversionDraft7.go:119.2,119.28 1 1
github.com/lyeslabs/mcpgen/converter/schemaConversionDraft7.go:119.28,121.3 1 1
github.com/lyeslabs/mcpgen/converter/schemaConversionDraft7.go:122.2,122.31 1 1
github.com/lyeslabs/mcpgen/converter/schemaConversionDraft7.go:122.31,124.3 1 1
github.com/lyeslabs/mcpgen/converter/schemaConversionDraft7.go:125.2,125.28 1 1
github.com/lyeslabs/mcpgen/converter/schemaConversionDraft7.go:125.28,127.3 1 1
github.com/lyeslabs/mcpgen/converter/schemaConversionDraft7.go:130.68,131.21 1 1
github.com/lyeslabs/mcpgen/converter/schemaConversionDraft7.go:131.21,133.3 1 1
github.com/lyeslabs/mcpgen/converter/schemaConversionDraft7.go:134.2,134.29 1 1
github.com/lyeslabs/mcpgen/converter/schemaConversionDraft7.go:134.29,135.32 1 1
github.com/lyeslabs/mcpgen/converter/schemaConversionDraft7.go:135.32,137.4 1 0
github.com/lyeslabs/mcpgen/converter/schemaConversionDraft7.go:137.9,139.4 1 1
github.com/lyeslabs/mcpgen/converter/schemaConversionDraft7.go:141.2,141.29 1 1
github.com/lyeslabs/mcpgen/converter/schemaConversionDraft7.go:141.29,142.32 1 1
github.com/lyeslabs/mcpgen/converter/schemaConversionDraft7.go:142.32,144.4 1 1
github.com/lyeslabs/mcpgen/converter/schemaConversionDraft7.go:144.9,146.4 1 0
github.com/lyeslabs/mcpgen/converter/schemaConversionDraft7.go:148.2,148.32 1 1
github.com/lyeslabs/mcpgen/converter/schemaConversionDraft7.go:148.32,150.3 1 1
github.com/lyeslabs/mcpgen/converter/schemaConversionDraft7.go:153.73,154.20 1 1
github.com/lyeslabs/mcpgen/converter/schemaConversionDraft7.go:154.20,156.3 1 1
github.com/lyeslabs/mcpgen/converter/schemaConversionDraft7.go:157.2,157.26 1 1
github.com/lyeslabs/mcpgen/converter/schemaConversionDraft7.go:157.26,159.17 2 1
github.com/lyeslabs/mcpgen/converter/schemaConversionDraft7.go:159.17,161.4 1 0
github.com/lyeslabs/mcpgen/converter/schemaConversionDraft7.go:162.3,162.28 1 1
github.com/lyeslabs/mcpgen/converter/schemaConversionDraft7.go:162.28,164.4 1 1
github.com/lyeslabs/mcpgen/converter/schemaConversionDraft7.go:166.2,166.26 1 1
github.com/lyeslabs/mcpgen/converter/schemaConversionDraft7.go:166.26,168.3 1 1
github.com/lyeslabs/mcpgen/converter/schemaConversionDraft7.go:169.2,169.29 1 1
github.com/lyeslabs/mcpgen/converter/schemaConversionDraft7.go:169.29,171.3 1 1
github.com/lyeslabs/mcpgen/converter/schemaConversionDraft7.go:172.2,172.25 1 1
github.com/lyeslabs/mcpgen/converter/schemaConversionDraft7.go:172.25,174.3 1 1
github.com/lyeslabs/mcpgen/converter/schemaConversionDraft7.go:175.2,175.12 1 1
github.com/lyeslabs/mcpgen/converter/schemaConversionDraft7.go:178.74,179.21 1 1
github.com/lyeslabs/mcpgen/converter/schemaConversionDraft7.go:179.21,181.3 1 1
github.com/lyeslabs/mcpgen/converter/schemaConversionDraft7.go:182.2,182.34 1 1
github.com/lyeslabs/mcpgen/converter/schemaConversionDraft7.go:182.34,184.57 2 1
github.com/lyeslabs/mcpgen/converter/schemaConversionDraft7.go:184.57,186.18 2 1
github.com/lyeslabs/mcpgen/converter/schemaConversionDraft7.go:186.18,188.5 1 0
github.com/lyeslabs/mcpgen/converter/schemaConversionDraft7.go:189.4,189.28 1 1
github.com/lyeslabs/mcpgen/converter/schemaConversionDraft7.go:189.28,191.5 1 1
github.com/lyeslabs/mcpgen/converter/schemaConversionDraft7.go:193.3,193.29 1 1
github.com/lyeslabs/mcpgen/converter/schemaConversionDraft7.go:193.29,195.4 1 1
github.com/lyeslabs/mcpgen/converter/schemaConversionDraft7.go:197.2,197.32 1 1
github.com/lyeslabs/mcpgen/converter/schemaConversionDraft7.go:197.32,199.3 1 1
github.com/lyeslabs/mcpgen/converter/schemaConversionDraft7.go:200.2,200.32 1 1
github.com/lyeslabs/mcpgen/converter/schemaConversionDraft7.go:200.32,202.3 1 1
github.com/lyeslabs/mcpgen/converter/schemaConversionDraft7.go:203.2,203.35 1 1
github.com/lyeslabs/mcpgen/converter/schemaConversionDraft7.go:203.35,205.3 1 1
github.com/lyeslabs/mcpgen/converter/schemaConversionDraft7.go:208.2,208.43 1 1
github.com/lyeslabs/mcpgen/converter/schemaConversionDraft7.go:208.43,210.3 1 1
github.com/lyeslabs/mcpgen/converter/schemaConversionDraft7.go:210.8,210.49 1 0
github.com/lyeslabs/mcpgen/converter/schemaConversionDraft7.go:210.49,212.17 2 0
github.com/lyeslabs/mcpgen/converter/schemaConversionDraft7.go:212.17,214.4 1 0
github.com/lyeslabs/mcpgen/converter/schemaConversionDraft7.go:215.3,215.30 1 0
github.com/lyeslabs/mcpgen/converter/schemaConversionDraft7.go:215.30,217.4 1 0
github.com/lyeslabs/mcpgen/converter/schemaConversionDraft7.go:217.9,219.4 1 0
github.com/lyeslabs/mcpgen/converter/schemaConversionDraft7.go:222.2,222.12 1 1
github.com/lyeslabs/mcpgen/converter/schemaConversionProperties.go:7.67,11.20 3 1
github.com/lyeslabs/mcpgen/converter/schemaConversionProperties.go:12.14,13.41 1 1
github.com/lyeslabs/mcpgen/converter/schemaConversionProperties.go:14.10,15.24 1 1
github.com/lyeslabs/mcpgen/converter/schemaConversionProperties.go:15.24,17.4 1 1
github.com/lyeslabs/mcpgen/converter/schemaConversionProperties.go:18.3,18.50 1 1
github.com/lyeslabs/mcpgen/converter/schemaConversionProperties.go:20.2,20.37 1 1
github.com/lyeslabs/mcpgen/converter/schemaConversionProperties.go:20.37,22.3 1 1
github.com/lyeslabs/mcpgen/converter/schemaConversionProperties.go:24.2,24.27 1 1
github.com/lyeslabs/mcpgen/converter/schemaConversionProperties.go:24.27,25.56 1 1
github.com/lyeslabs/mcpgen/converter/schemaConversionProperties.go:25.56,27.4 1 1
github.com/lyeslabs/mcpgen/converter/schemaConversionProperties.go:27.9,27.45 1 1
github.com/lyeslabs/mcpgen/converter/schemaConversionProperties.go:27.45,29.4 1 0
github.com/lyeslabs/mcpgen/converter/schemaConversionProperties.go:32.2,32.24 1 1
github.com/lyeslabs/mcpgen/converter/schemaConversionProperties.go:36.63,37.32 1 1
github.com/lyeslabs/mcpgen/converter/schemaConversionProperties.go:37.32,39.3 1 1
github.com/lyeslabs/mcpgen/converter/schemaConversionProperties.go:40.2,40.32 1 1
github.com/lyeslabs/mcpgen/converter/schemaConversionProperties.go:40.32,42.43 1 1
github.com/lyeslabs/mcpgen/converter/schemaConversionProperties.go:42.43,44.4 1 1
github.com/lyeslabs/mcpgen/converter/schemaConversionProperties.go:48.2,49.52 2 1
github.com/lyeslabs/mcpgen/converter/schemaConversionProperties.go:49.52,51.17 2 1
github.com/lyeslabs/mcpgen/converter/schemaConversionProperties.go:51.17,56.4 1 0
github.com/lyeslabs/mcpgen/converter/schemaConversionProperties.go:57.3,57.26 1 1
github.com/lyeslabs/mcpgen/converter/schemaConversionProperties.go:57.26,61.4 2 1
github.com/lyeslabs/mcpgen/converter/schemaConversionProperties.go:63.2,63.28 1 1
github.com/lyeslabs/mcpgen/converter/schemaConversionProperties.go:63.28,65.3 1 0
github.com/lyeslabs/mcpgen/converter/schemaConversionProperties.go:66.2,68.8 1 1
github.com/lyeslabs/mcpgen/converter/schemaConversionProperties.go:72.76,73.52 1 1
github.com/lyeslabs/mcpgen/converter/schemaConversionProperties.go:73.52,75.3 1 1
github.com/lyeslabs/mcpgen/converter/schemaConversionProperties.go:75.8,75.54 1 1
github.com/lyeslabs/mcpgen/converter/schemaConversionProperties.go:75.54,77.3 1 1
github.com/lyeslabs/mcpgen/converter/schemaConversionProperties.go:77.8,79.3 1 1
github.com/lyeslabs/mcpgen/converter/utils.go:14.66,16.36 2 1
github.com/lyeslabs/mcpgen/converter/utils.go:16.36,18.3 1 1
github.com/lyeslabs/mcpgen/converter/utils.go:19.2,19.46 1 1
github.com/lyeslabs/mcpgen/converter/utils.go:19.46,22.10 3 1
github.com/lyeslabs/mcpgen/converter/utils.go:23.35,24.24 1 1
github.com/lyeslabs/mcpgen/converter/utils.go:25.35,26.30 1 1
github.com/lyeslabs/mcpgen/converter/utils.go:27.11,28.22 1 1
github.com/lyeslabs/mcpgen/converter/utils.go:31.2,31.14 1 1
github.com/lyeslabs/mcpgen/converter/utils.go:35.60,37.26 2 1
github.com/lyeslabs/mcpgen/converter/utils.go:37.26,39.3 1 1
github.com/lyeslabs/mcpgen/converter/utils.go:40.2,41.14 2 1
github.com/lyeslabs/mcpgen/converter/utils.go:45.70,46.27 1 1
github.com/lyeslabs/mcpgen/converter/utils.go:46.27,48.3 1 1
github.com/lyeslabs/mcpgen/converter/utils.go:49.2,49.18 1 1
github.com/lyeslabs/mcpgen/converter/utils.go:53.34,56.15 3 1
github.com/lyeslabs/mcpgen/converter/utils.go:56.15,60.6 3 1
github.com/lyeslabs/mcpgen/converter/utils.go:62.5,65.57 3 1
github.com/lyeslabs/mcpgen/converter/utils.go:65.57,67.6 1 1
github.com/lyeslabs/mcpgen/converter/utils.go:68.5,68.25 1 1
github.com/lyeslabs/mcpgen/converter/utils.go:73.78,75.85 2 1
github.com/lyeslabs/mcpgen/converter/utils.go:75.85,77.40 1 1
github.com/lyeslabs/mcpgen/converter/utils.go:77.40,79.10 1 1
github.com/lyeslabs/mcpgen/converter/utils.go:79.15,79.63 1 1
github.com/lyeslabs/mcpgen/converter/utils.go:79.63,81.75 2 1
github.com/lyeslabs/mcpgen/converter/utils.go:81.75,83.14 1 0
github.com/lyeslabs/mcpgen/converter/utils.go:85.9,85.71 1 1
github.com/lyeslabs/mcpgen/converter/utils.go:85.71,87.10 1 1
github.com/lyeslabs/mcpgen/converter/utils.go:88.11,90.56 1 1
github.com/lyeslabs/mcpgen/converter/utils.go:90.56,92.10 1 1
github.com/lyeslabs/mcpgen/converter/utils.go:94.5,95.15 2 1
github.com/lyeslabs/mcpgen/converter/utils.go:100.71,101.42 1 1
github.com/lyeslabs/mcpgen/converter/utils.go:101.42,103.3 1 1
github.com/lyeslabs/mcpgen/converter/utils.go:104.2,104.11 1 1
github.com/lyeslabs/mcpgen/converter/utils.go:108.59,109.29 1 1
github.com/lyeslabs/mcpgen/converter/utils.go:109.29,110.34 1 1
github.com/lyeslabs/mcpgen/converter/utils.go:110.34,112.4 1 1
github.com/lyeslabs/mcpgen/converter/utils.go:113.3,113.27 1 1
github.com/lyeslabs/mcpgen/converter/utils.go:115.2,115.30 1 1
github.com/lyeslabs/mcpgen/converter/utils.go:119.48,120.26 1 1
github.com/lyeslabs/mcpgen/converter/utils.go:120.26,121.15 1 1
github.com/lyeslabs/mcpgen/converter/utils.go:121.15,123.4 1 1
github.com/lyeslabs/mcpgen/converter/utils.go:125.2,125.14 1 1
github.com/lyeslabs/mcpgen/generator/generator.go:18.111,21.16 3 1
github.com/lyeslabs/mcpgen/generator/generator.go:21.16,23.3 1 1
github.com/lyeslabs/mcpgen/generator/generator.go:25.2,31.8 1 1
github.com/lyeslabs/mcpgen/generator/httpclient.go:10.65,13.31 2 1
github.com/lyeslabs/mcpgen/generator/httpclient.go:13.31,14.31 1 1
github.com/lyeslabs/mcpgen/generator/httpclient.go:15.16,16.24 1 1
github.com/lyeslabs/mcpgen/generator/httpclient.go:17.21,18.25 1 1
github.com/lyeslabs/mcpgen/generator/httpclient.go:22.2,22.39 1 1
github.com/lyeslabs/mcpgen/generator/httpclient.go:22.39,24.3 1 1
github.com/lyeslabs/mcpgen/generator/httpclient.go:26.2,26.19 1 1
github.com/lyeslabs/mcpgen/generator/httpclient.go:26.19,28.3 1 1
github.com/lyeslabs/mcpgen/generator/httpclient.go:30.2,39.16 3 1
github.com/lyeslabs/mcpgen/generator/httpclient.go:39.16,41.3 1 0
github.com/lyeslabs/mcpgen/generator/httpclient.go:44.2,44.97 1 1
github.com/lyeslabs/mcpgen/generator/httpclient.go:44.97,46.3 1 1
github.com/lyeslabs/mcpgen/generator/httpclient.go:46.17,48.3 1 0
github.com/lyeslabs/mcpgen/generator/httpclient.go:50.2,50.12 1 1
github.com/lyeslabs/mcpgen/generator/mcp.go:26.41,28.16 2 1
github.com/lyeslabs/mcpgen/generator/mcp.go:28.16,30.3 1 0
github.com/lyeslabs/mcpgen/generator/mcp.go:32.2,32.53 1 1
github.com/lyeslabs/mcpgen/generator/mcp.go:32.53,34.3 1 0
github.com/lyeslabs/mcpgen/generator/mcp.go:36.2,36.52 1 1
github.com/lyeslabs/mcpgen/generator/mcp.go:36.52,38.3 1 0
github.com/lyeslabs/mcpgen/generator/mcp.go:40.2,40.44 1 1
github.com/lyeslabs/mcpgen/generator/mcp.go:40.44,42.3 1 0
github.com/lyeslabs/mcpgen/generator/mcp.go:44.2,44.12 1 1
github.com/lyeslabs/mcpgen/generator/mod.go:17.56,20.16 2 1
github.com/lyeslabs/mcpgen/generator/mod.go:20.16,22.3 1 0
github.com/lyeslabs/mcpgen/generator/mod.go:25.2,26.16 2 1
github.com/lyeslabs/mcpgen/generator/mod.go:26.16,28.3 1 1
github.com/lyeslabs/mcpgen/generator/mod.go:31.2,35.16 3 1
github.com/lyeslabs/mcpgen/generator/mod.go:35.16,37.3 1 0
github.com/lyeslabs/mcpgen/generator/mod.go:40.2,41.24 2 1
github.com/lyeslabs/mcpgen/generator/mod.go:45.62,47.50 2 1
github.com/lyeslabs/mcpgen/generator/mod.go:47.50,51.47 2 1
github.com/lyeslabs/mcpgen/generator/mod.go:51.47,53.18 2 1
github.com/lyeslabs/mcpgen/generator/mod.go:53.18,55.5 1 1
github.com/lyeslabs/mcpgen/generator/mod.go:56.4,56.38 1 1
github.com/lyeslabs/mcpgen/generator/mod.go:57.9,57.33 1 1
github.com/lyeslabs/mcpgen/generator/mod.go:57.33,59.4 1 0
github.com/lyeslabs/mcpgen/generator/mod.go:62.3,63.27 2 1
github.com/lyeslabs/mcpgen/generator/mod.go:63.27,64.9 1 1
github.com/lyeslabs/mcpgen/generator/mod.go:66.3,66.22 1 1
github.com/lyeslabs/mcpgen/generator/mod.go:69.2,70.28 1 1
github.com/lyeslabs/mcpgen/generator/mod.go:74.56,76.16 2 1
github.com/lyeslabs/mcpgen/generator/mod.go:76.16,78.3 1 1
github.com/lyeslabs/mcpgen/generator/mod.go:79.2,82.21 3 1
github.com/lyeslabs/mcpgen/generator/mod.go:82.21,84.40 2 1
github.com/lyeslabs/mcpgen/generator/mod.go:84.40,86.53 2 1
github.com/lyeslabs/mcpgen/generator/mod.go:86.53,88.5 1 1
github.com/lyeslabs/mcpgen/generator/mod.go:90.4,90.78 1 1
github.com/lyeslabs/mcpgen/generator/mod.go:90.78,93.18 3 1
github.com/lyeslabs/mcpgen/generator/mod.go:93.18,95.6 1 1
github.com/lyeslabs/mcpgen/generator/mod.go:96.5,96.38 1 1
github.com/lyeslabs/mcpgen/generator/mod.go:99.4,100.24 2 1
github.com/lyeslabs/mcpgen/generator/mod.go:100.24,102.5 1 1
github.com/lyeslabs/mcpgen/generator/mod.go:103.4,103.25 1 1
github.com/lyeslabs/mcpgen/generator/mod.go:107.2,107.38 1 1
github.com/lyeslabs/mcpgen/generator/mod.go:107.38,109.3 1 0
github.com/lyeslabs/mcpgen/generator/mod.go:111.2,111.72 1 1
github.com/lyeslabs/mcpgen/generator/tools.go:20.74,22.16 2 1
github.com/lyeslabs/mcpgen/generator/tools.go:22.16,24.3 1 0
github.com/lyeslabs/mcpgen/generator/tools.go:26.2,27.16 2 1
github.com/lyeslabs/mcpgen/generator/tools.go:27.16,29.3 1 0
github.com/lyeslabs/mcpgen/generator/tools.go:31.2,31.36 1 1
github.com/lyeslabs/mcpgen/generator/tools.go:31.36,61.52 7 1
github.com/lyeslabs/mcpgen/generator/tools.go:61.52,63.18 2 1
github.com/lyeslabs/mcpgen/generator/tools.go:63.18,65.19 2 1
github.com/lyeslabs/mcpgen/generator/tools.go:65.19,67.6 1 0
github.com/lyeslabs/mcpgen/generator/tools.go:69.5,69.62 1 1
github.com/lyeslabs/mcpgen/generator/tools.go:74.3,86.31 4 1
github.com/lyeslabs/mcpgen/generator/tools.go:86.31,88.40 2 1
github.com/lyeslabs/mcpgen/generator/tools.go:88.40,90.5 1 1
github.com/lyeslabs/mcpgen/generator/tools.go:91.4,91.34 1 1
github.com/lyeslabs/mcpgen/generator/tools.go:92.9,94.40 2 1
github.com/lyeslabs/mcpgen/generator/tools.go:94.40,96.5 1 1
github.com/lyeslabs/mcpgen/generator/tools.go:97.4,97.34 1 1
github.com/lyeslabs/mcpgen/generator/tools.go:101.3,101.54 1 1
github.com/lyeslabs/mcpgen/generator/tools.go:101.54,103.4 1 0
github.com/lyeslabs/mcpgen/generator/tools.go:106.3,106.35 1 1
github.com/lyeslabs/mcpgen/generator/tools.go:106.35,111.4 4 1
github.com/lyeslabs/mcpgen/generator/tools.go:114.3,115.17 2 1
github.com/lyeslabs/mcpgen/generator/tools.go:115.17,117.4 1 0
github.com/lyeslabs/mcpgen/generator/tools.go:119.3,119.90 1 1
github.com/lyeslabs/mcpgen/generator/tools.go:119.90,121.4 1 1
github.com/lyeslabs/mcpgen/generator/tools.go:123.3,123.17 1 1
github.com/lyeslabs/mcpgen/generator/tools.go:123.17,125.4 1 0
github.com/lyeslabs/mcpgen/generator/tools.go:128.2,128.12 1 1
github.com/lyeslabs/mcpgen/generator/tools.go:130.45,131.17 1 1
github.com/lyeslabs/mcpgen/generator/tools.go:131.17,133.3 1 1
github.com/lyeslabs/mcpgen/generator/tools.go:134.2,136.22 3 1
github.com/lyeslabs/mcpgen/generator/tools.go:139.50,142.16 3 1
github.com/lyeslabs/mcpgen/generator/tools.go:142.16,144.3 1 1
github.com/lyeslabs/mcpgen/generator/tools.go:145.2,146.32 2 1
github.com/lyeslabs/mcpgen/generator/tools.go:146.32,148.22 2 1
github.com/lyeslabs/mcpgen/generator/tools.go:148.22,150.4 1 1
github.com/lyeslabs/mcpgen/generator/tools.go:151.3,152.40 2 1
github.com/lyeslabs/mcpgen/generator/tools.go:154.2,154.16 1 1
github.com/lyeslabs/mcpgen/generator/tools.go:157.84,160.16 3 1
github.com/lyeslabs/mcpgen/generator/tools.go:160.16,162.3 1 1
github.com/lyeslabs/mcpgen/generator/tools.go:164.2,166.31 2 1
github.com/lyeslabs/mcpgen/generator/tools.go:166.31,168.41 2 1
github.com/lyeslabs/mcpgen/generator/tools.go:168.41,169.12 1 1
github.com/lyeslabs/mcpgen/generator/tools.go:172.3,172.70 1 1
github.com/lyeslabs/mcpgen/generator/tools.go:172.70,173.12 1 1
github.com/lyeslabs/mcpgen/generator/tools.go:175.3,178.57 3 1
github.com/lyeslabs/mcpgen/generator/tools.go:178.57,179.12 1 0
github.com/lyeslabs/mcpgen/generator/tools.go:181.3,181.58 1 1
github.com/lyeslabs/mcpgen/generator/tools.go:181.58,182.12 1 0
github.com/lyeslabs/mcpgen/generator/tools.go:185.3,185.21 1 1
github.com/lyeslabs/mcpgen/generator/tools.go:185.21,188.45 3 1
github.com/lyeslabs/mcpgen/generator/tools.go:188.45,190.39 2 1
github.com/lyeslabs/mcpgen/generator/tools.go:190.39,192.6 1 1
github.com/lyeslabs/mcpgen/generator/tools.go:193.5,193.44 1 1
github.com/lyeslabs/mcpgen/generator/tools.go:198.2,198.27 1 1
github.com/lyeslabs/mcpgen/generator/tools.go:198.27,200.3 1 1
github.com/lyeslabs/mcpgen/generator/tools.go:201.2,201.26 1 1
github.com/lyeslabs/mcpgen/generator/tools.go:201.26,203.3 1 1
github.com/lyeslabs/mcpgen/generator/tools.go:204.2,204.28 1 1
github.com/lyeslabs/mcpgen/generator/tools.go:207.91,210.16 3 1
github.com/lyeslabs/mcpgen/generator/tools.go:210.16,212.3 1 1
github.com/lyeslabs/mcpgen/generator/tools.go:214.2,214.31 1 1
github.com/lyeslabs/mcpgen/generator/tools.go:214.31,216.41 2 1
github.com/lyeslabs/mcpgen/generator/tools.go:216.41,217.12 1 1
github.com/lyeslabs/mcpgen/generator/tools.go:219.3,219.21 1 1
github.com/lyeslabs/mcpgen/generator/tools.go:219.21,220.12 1 1
github.com/lyeslabs/mcpgen/generator/tools.go:222.3,224.44 3 1
github.com/lyeslabs/mcpgen/generator/tools.go:224.44,228.38 4 1
github.com/lyeslabs/mcpgen/generator/tools.go:228.38,230.5 1 1
github.com/lyeslabs/mcpgen/generator/tools.go:231.4,233.23 3 1
github.com/lyeslabs/mcpgen/generator/tools.go:236.2,236.20 1 1
github.com/lyeslabs/mcpgen/generator/tools.go:239.41,243.2 3 1
github.com/lyeslabs/mcpgen/generator/writeFunctions.go:11.97,12.51 1 1
github.com/lyeslabs/mcpgen/generator/writeFunctions.go:12.51,14.3 1 1
github.com/lyeslabs/mcpgen/generator/writeFunctions.go:16.2,20.16 4 1
github.com/lyeslabs/mcpgen/generator/writeFunctions.go:20.16,22.3 1 1
github.com/lyeslabs/mcpgen/generator/writeFunctions.go:24.2,26.19 2 1
github.com/lyeslabs/mcpgen/generator/writeFunctions.go:26.19,27.66 1 1
github.com/lyeslabs/mcpgen/generator/writeFunctions.go:27.66,29.4 1 0
github.com/lyeslabs/mcpgen/generator/writeFunctions.go:32.2,32.12 1 1
github.com/lyeslabs/mcpgen/generator/writeFunctions.go:36.40,38.19 2 1
github.com/lyeslabs/mcpgen/generator/writeFunctions.go:38.19,40.25 1 1
github.com/lyeslabs/mcpgen/generator/writeFunctions.go:40.25,43.10 1 1
github.com/lyeslabs/mcpgen/generator/writeFunctions.go:45.9,45.74 1 1
github.com/lyeslabs/mcpgen/generator/writeFunctions.go:49.5,49.27 1 1
github.com/lyeslabs/mcpgen/generator/writeFunctions.go:49.27,52.64 1 1
github.com/lyeslabs/mcpgen/generator/writeFunctions.go:52.64,55.10 1 0
github.com/lyeslabs/mcpgen/generator/writeFunctions.go:56.9,56.19 1 1
github.com/lyeslabs/mcpgen/generator/writeFunctions.go:59.5,59.60 1 1
github.com/lyeslabs/mcpgen/generator/writeFunctions.go:59.60,61.6 1 1
github.com/lyeslabs/mcpgen/generator/writeFunctions.go:63.5,63.15 1 0
github.com/lyeslabs/mcpgen/generator/writeHandlerHelpers.go:11.45,13.16 2 1
github.com/lyeslabs/mcpgen/generator/writeHandlerHelpers.go:13.16,15.3 1 0
github.com/lyeslabs/mcpgen/generator/writeHandlerHelpers.go:17.2,18.16 2 1
github.com/lyeslabs/mcpgen/generator/writeHandlerHelpers.go:18.16,20.3 1 0
github.com/lyeslabs/mcpgen/generator/writeHandlerHelpers.go:22.2,29.52 3 1
github.com/lyeslabs/mcpgen/generator/writeHandlerHelpers.go:29.52,31.3 1 0
github.com/lyeslabs/mcpgen/generator/writeHandlerHelpers.go:33.2,34.16 2 1
github.com/lyeslabs/mcpgen/generator/writeHandlerHelpers.go:34.16,36.3 1 0
github.com/lyeslabs/mcpgen/generator/writeHandlerHelpers.go:38.2,38.93 1 1
github.com/lyeslabs/mcpgen/generator/writeHandlerHelpers.go:38.93,40.3 1 1
github.com/lyeslabs/mcpgen/generator/writeHandlerHelpers.go:41.2,41.16 1 1
github.com/lyeslabs/mcpgen/generator/writeHandlerHelpers.go:41.16,43.3 1 0
github.com/lyeslabs/mcpgen/generator/writeHandlerHelpers.go:45.2,45.12 1 1
github.com/lyeslabs/mcpgen/generator/writeServer.go:13.75,15.16 2 1
github.com/lyeslabs/mcpgen/generator/writeServer.go:15.16,17.3 1 0
github.com/lyeslabs/mcpgen/generator/writeServer.go:19.2,20.16 2 1
github.com/lyeslabs/mcpgen/generator/writeServer.go:20.16,22.3 1 0
github.com/lyeslabs/mcpgen/generator/writeServer.go:24.2,25.16 2 1
github.com/lyeslabs/mcpgen/generator/writeServer.go:25.16,27.3 1 0
github.com/lyeslabs/mcpgen/generator/writeServer.go:29.2,39.36 2 1
github.com/lyeslabs/mcpgen/generator/writeServer.go:39.36,48.3 2 1
github.com/lyeslabs/mcpgen/generator/writeServer.go:50.2,51.49 2 1
github.com/lyeslabs/mcpgen/generator/writeServer.go:51.49,53.3 1 0
github.com/lyeslabs/mcpgen/generator/writeServer.go:55.2,56.16 2 1
github.com/lyeslabs/mcpgen/generator/writeServer.go:56.16,58.3 1 0
github.com/lyeslabs/mcpgen/generator/writeServer.go:60.2,60.78 1 1
github.com/lyeslabs/mcpgen/generator/writeServer.go:60.78,62.3 1 1
github.com/lyeslabs/mcpgen/generator/writeServer.go:62.17,64.3 1 0
github.com/lyeslabs/mcpgen/generator/writeServer.go:66.2,66.12 1 1
